{
  "RSpec": {
    "coverage": {
      "/home/pride829/Git/steambuddy/api-steambuddy/require_app.rb": {
        "lines": [
          null,
          null,
          null,
          1,
          5,
          1,
          null,
          1,
          2,
          null,
          null
        ]
      },
      "/home/pride829/Git/steambuddy/api-steambuddy/config/environment.rb": {
        "lines": [
          null,
          null,
          1,
          1,
          1,
          1,
          1,
          1,
          null,
          1,
          null,
          1,
          1,
          null,
          1,
          null,
          1,
          null,
          null,
          null,
          1,
          1,
          null,
          1,
          null,
          null,
          null,
          1,
          1,
          null,
          null,
          1,
          null,
          1,
          null,
          null,
          1,
          1,
          null,
          null,
          null
        ]
      },
      "/home/pride829/Git/steambuddy/api-steambuddy/app/infrastructure/database/game_orm.rb": {
        "lines": [
          null,
          null,
          1,
          null,
          1,
          1,
          null,
          1,
          0,
          null,
          null,
          null
        ]
      }
    },
    "timestamp": 1670480021
  },
  "Minitest": {
    "coverage": {
    },
    "timestamp": 1666963295
  }
}
